<?xml version="1.0" encoding="UTF-8"?>
<!-- Generated by org.testng.reporters.JUnitXMLReporter -->
<testsuite hostname="DESKTOP-2B3OB08" ignored="0" name="GoogleSearchTest" tests="2" failures="0" timestamp="2019-10-11T04:52:28 BST" time="114.705" errors="0">
  <testcase name="googleSearchTest1" time="59.788" classname="com.googletest.qa.test.GoogleSearchTest"/>
  <testcase name="googleSearchTest2" time="10.382" classname="com.googletest.qa.test.GoogleSearchTest"/>
</testsuite> <!-- GoogleSearchTest -->
