<?xml version="1.0" encoding="UTF-8"?>
<testng-results skipped="0" failed="0" total="2" passed="2">
  <reporter-output>
  </reporter-output>
  <suite name="Default suite" duration-ms="177976" started-at="2019-11-05T05:49:38Z" finished-at="2019-11-05T05:52:36Z">
    <groups>
    </groups>
    <test name="Default test" duration-ms="177976" started-at="2019-11-05T05:49:38Z" finished-at="2019-11-05T05:52:36Z">
      <class name="com.ScottLogic.qa.test.ScottLogicSearchTest_ff">
        <test-method status="PASS" signature="setUp()[pri:0, instance:com.ScottLogic.qa.test.ScottLogicSearchTest_ff@28864e92]" name="setUp" is-config="true" duration-ms="14398" started-at="2019-11-05T05:49:38Z" finished-at="2019-11-05T05:49:52Z">
          <reporter-output>
          </reporter-output>
        </test-method> <!-- setUp -->
        <test-method status="PASS" signature="scottLogicSearchTest1()[pri:0, instance:com.ScottLogic.qa.test.ScottLogicSearchTest_ff@28864e92]" name="scottLogicSearchTest1" duration-ms="132206" started-at="2019-11-05T05:49:52Z" finished-at="2019-11-05T05:52:05Z">
          <reporter-output>
          </reporter-output>
        </test-method> <!-- scottLogicSearchTest1 -->
        <test-method status="PASS" signature="tearDown()[pri:0, instance:com.ScottLogic.qa.test.ScottLogicSearchTest_ff@28864e92]" name="tearDown" is-config="true" duration-ms="986" started-at="2019-11-05T05:52:05Z" finished-at="2019-11-05T05:52:06Z">
          <reporter-output>
          </reporter-output>
        </test-method> <!-- tearDown -->
        <test-method status="PASS" signature="setUp()[pri:0, instance:com.ScottLogic.qa.test.ScottLogicSearchTest_ff@28864e92]" name="setUp" is-config="true" duration-ms="13301" started-at="2019-11-05T05:52:06Z" finished-at="2019-11-05T05:52:19Z">
          <reporter-output>
          </reporter-output>
        </test-method> <!-- setUp -->
        <test-method status="PASS" signature="scottLogicSearchTest2()[pri:0, instance:com.ScottLogic.qa.test.ScottLogicSearchTest_ff@28864e92]" name="scottLogicSearchTest2" duration-ms="16485" started-at="2019-11-05T05:52:19Z" finished-at="2019-11-05T05:52:35Z">
          <reporter-output>
          </reporter-output>
        </test-method> <!-- scottLogicSearchTest2 -->
        <test-method status="PASS" signature="tearDown()[pri:0, instance:com.ScottLogic.qa.test.ScottLogicSearchTest_ff@28864e92]" name="tearDown" is-config="true" duration-ms="577" started-at="2019-11-05T05:52:35Z" finished-at="2019-11-05T05:52:36Z">
          <reporter-output>
          </reporter-output>
        </test-method> <!-- tearDown -->
      </class> <!-- com.ScottLogic.qa.test.ScottLogicSearchTest_ff -->
    </test> <!-- Default test -->
  </suite> <!-- Default suite -->
</testng-results>
