<?xml version="1.0" encoding="UTF-8"?>
<!-- Generated by org.testng.reporters.JUnitXMLReporter -->
<testsuite hostname="DESKTOP-2B3OB08" name="Default test" tests="2" failures="0" timestamp="5 Nov 2019 05:52:38 GMT" time="177.976" errors="0">
  <testcase name="scottLogicSearchTest1" time="132.206" classname="com.ScottLogic.qa.test.ScottLogicSearchTest_ff"/>
  <testcase name="scottLogicSearchTest2" time="16.485" classname="com.ScottLogic.qa.test.ScottLogicSearchTest_ff"/>
</testsuite> <!-- Default test -->
